<?xml version="1.0" encoding="UTF-8"?>
<!-- Generated by org.testng.reporters.JUnitReportReporter -->
<testsuite hostname="HYDL-001259A" failures="0" tests="1" name="Mubadala.PatientPortalAutomation.FunctionalTestCase.LoginTC" time="14.416" errors="0" timestamp="2025-03-17T12:52:00 IST" skipped="0">
  <testcase classname="Mubadala.PatientPortalAutomation.FunctionalTestCase.LoginTC" name="patientPortalLoginTC" time="14.416"/>
</testsuite> <!-- Mubadala.PatientPortalAutomation.FunctionalTestCase.LoginTC -->
